Arguments: 
  C:\Program Files\nodejs\node.exe C:\Program Files\nodejs\node_modules\yarn\bin\yarn.js init

PATH: 
  C:\Users\AlexM\bin;C:\Program Files\Git\mingw64\bin;C:\Program Files\Git\usr\local\bin;C:\Program Files\Git\usr\bin;C:\Program Files\Git\usr\bin;C:\Program Files\Git\cmd;C:\Program Files\Git\usr\bin;C:\Program Files\ConEmu\ConEmu\Scripts;C:\Program Files\ConEmu;C:\Program Files\ConEmu\ConEmu;C:\Program Files\ImageMagick-7.0.10-Q16;C:\Windows\system32;C:\Windows;C:\Windows\System32\Wbem;C:\Windows\System32\WindowsPowerShell\v1.0;C:\Windows\System32\OpenSSH;C:\Users\AlexM\AppData\Roaming\nvm;C:\Program Files\nodejs;C:\Program Files (x86)\NVIDIA Corporation\PhysX\Common;C:\Program Files\Git\cmd;C:\Users\AlexM\AppData\Local\Programs\Python\Python39;C:\WINDOWS\system32;C:\WINDOWS;C:\WINDOWS\System32\Wbem;C:\WINDOWS\System32\WindowsPowerShell\v1.0;C:\WINDOWS\System32\OpenSSH;C:\Program Files (x86)\Calibre2;C:\Program Files\Microsoft SQL Server\130\Tools\Binn;C:\Program Files\Microsoft SQL Server\Client SDK\ODBC\170\Tools\Binn;C:\Program Files\dotnet;C:\Users\AlexM\AppData\Local\Microsoft\WindowsApps;C:\Users\AlexM\AppData\Local\Programs\Microsoft VS Code\bin;C:\Users\AlexM\AppData\Local\hyper\app-3.0.2\resources\bin;C:\Program Files\MongoDB\Server\4.2\bin;C:\Users\AlexM\.dotnet\tools;C:\Users\AlexM\AppData\Local\gitkraken\bin;C:\Users\AlexM\.dotnet\tools;C:\Program Files\Git\usr\bin\vendor_perl;C:\Program Files\Git\usr\bin\core_perl

Yarn version: 
  1.22.15

Node version: 
  14.17.6

Platform: 
  win32 x64

Trace: 
  Error: Can't answer a question unless a user TTY
      at ConsoleReporter.question (C:\Users\AlexM\AppData\Roaming\nvm\v14.17.6\node_modules\yarn\lib\cli.js:92859:59)
      at Object.<anonymous> (C:\Users\AlexM\AppData\Roaming\nvm\v14.17.6\node_modules\yarn\lib\cli.js:85049:38)
      at Generator.next (<anonymous>)
      at step (C:\Users\AlexM\AppData\Roaming\nvm\v14.17.6\node_modules\yarn\lib\cli.js:310:30)
      at C:\Users\AlexM\AppData\Roaming\nvm\v14.17.6\node_modules\yarn\lib\cli.js:321:13

npm manifest: 
  No manifest

yarn manifest: 
  No manifest

Lockfile: 
  No lockfile
